2022-05-02T15:44:11,768  WARN PrepareForSimImpl:220 'usePersonIdForMissingVehicleId' is deprecated. It will be removed soon.
2022-05-02T15:44:11,847  WARN RandomizingTimeDistanceTravelDisutilityFactory:112 There will be no routing randomness. The randomization of the travel disutility requires the monetary distance rate to be different than zero. Continuing anyway.
2022-05-02T15:44:11,847  WARN RandomizingTimeDistanceTravelDisutilityFactory:117 There will be no routing randomness. The randomization of the travel disutility requires the travel time cost rate to be different than zero. Continuing anyway.
2022-05-02T15:44:13,025 ERROR BasicPlanAgentImpl:186 last activity of person driver agent id car_home1_work1_0 has end time < infty; setting it to infty
2022-05-02T15:44:13,025 ERROR BasicPlanAgentImpl:187  This message given only once.
2022-05-02T15:44:13,025 ERROR SimStepParallelEventsManagerImpl$ExceptionHandler:420 Thread class org.matsim.core.events.SimStepParallelEventsManagerImpl$ProcessEventsRunnable0 died with exception while handling events.
java.lang.IllegalArgumentException: acttype "work" is not known in utility parameters (module name="planCalcScore" in the config file).
	at org.matsim.core.scoring.functions.CharyparNagelActivityScoring.calcActScore(CharyparNagelActivityScoring.java:80) ~[matsim-14.0.jar:?]
	at org.matsim.core.scoring.functions.CharyparNagelActivityScoring.handleActivity(CharyparNagelActivityScoring.java:281) ~[matsim-14.0.jar:?]
	at org.matsim.core.scoring.SumScoringFunction.handleActivity(SumScoringFunction.java:99) ~[matsim-14.0.jar:?]
	at org.matsim.core.scoring.ScoringFunctionsForPopulation.handleActivity(ScoringFunctionsForPopulation.java:241) ~[matsim-14.0.jar:?]
	at org.matsim.core.scoring.EventsToActivities.handleEvent(EventsToActivities.java:85) ~[matsim-14.0.jar:?]
	at org.matsim.core.scoring.ScoringFunctionsForPopulation.handleEvent(ScoringFunctionsForPopulation.java:173) ~[matsim-14.0.jar:?]
	at org.matsim.core.events.EventsManagerImpl.callHandlerFast(EventsManagerImpl.java:313) ~[matsim-14.0.jar:?]
	at org.matsim.core.events.EventsManagerImpl.processEvent(EventsManagerImpl.java:141) ~[matsim-14.0.jar:?]
	at org.matsim.core.events.SimStepParallelEventsManagerImpl$ProcessEventsRunnable.run(SimStepParallelEventsManagerImpl.java:330) ~[matsim-14.0.jar:?]
	at java.lang.Thread.run(Thread.java:833) [?:?]
2022-05-02T15:44:13,025  WARN QSim:266 exception in finally block - this may be a follow-up exception of an exception thrown in the try block.
java.lang.RuntimeException: Exception while processing events. Cannot guarantee that all events have been fully processed.
	at org.matsim.core.events.SimStepParallelEventsManagerImpl.finishProcessing(SimStepParallelEventsManagerImpl.java:212) ~[matsim-14.0.jar:?]
	at org.matsim.core.mobsim.qsim.QSim.cleanupSim(QSim.java:353) ~[matsim-14.0.jar:?]
	at org.matsim.core.mobsim.qsim.QSim.run(QSim.java:264) [matsim-14.0.jar:?]
	at org.matsim.core.controler.NewControler.runMobSim(NewControler.java:124) [matsim-14.0.jar:?]
	at org.matsim.core.controler.AbstractController$8.run(AbstractController.java:211) [matsim-14.0.jar:?]
	at org.matsim.core.controler.AbstractController.iterationStep(AbstractController.java:243) [matsim-14.0.jar:?]
	at org.matsim.core.controler.AbstractController.mobsim(AbstractController.java:207) [matsim-14.0.jar:?]
	at org.matsim.core.controler.AbstractController.iteration(AbstractController.java:154) [matsim-14.0.jar:?]
	at org.matsim.core.controler.AbstractController.doIterations(AbstractController.java:121) [matsim-14.0.jar:?]
	at org.matsim.core.controler.AbstractController$1.run(AbstractController.java:81) [matsim-14.0.jar:?]
	at org.matsim.core.controler.MatsimRuntimeModifications.run(MatsimRuntimeModifications.java:69) [matsim-14.0.jar:?]
	at org.matsim.core.controler.MatsimRuntimeModifications.run(MatsimRuntimeModifications.java:52) [matsim-14.0.jar:?]
	at org.matsim.core.controler.AbstractController.run(AbstractController.java:89) [matsim-14.0.jar:?]
	at org.matsim.core.controler.NewControler.run(NewControler.java:82) [matsim-14.0.jar:?]
	at org.matsim.core.controler.Controler.run(Controler.java:249) [matsim-14.0.jar:?]
	at org.matsim.project.RunMatsim.main(RunMatsim.java:86) [classes/:?]
Caused by: java.lang.IllegalArgumentException: acttype "work" is not known in utility parameters (module name="planCalcScore" in the config file).
	at org.matsim.core.scoring.functions.CharyparNagelActivityScoring.calcActScore(CharyparNagelActivityScoring.java:80) ~[matsim-14.0.jar:?]
	at org.matsim.core.scoring.functions.CharyparNagelActivityScoring.handleActivity(CharyparNagelActivityScoring.java:281) ~[matsim-14.0.jar:?]
	at org.matsim.core.scoring.SumScoringFunction.handleActivity(SumScoringFunction.java:99) ~[matsim-14.0.jar:?]
	at org.matsim.core.scoring.ScoringFunctionsForPopulation.handleActivity(ScoringFunctionsForPopulation.java:241) ~[matsim-14.0.jar:?]
	at org.matsim.core.scoring.EventsToActivities.handleEvent(EventsToActivities.java:85) ~[matsim-14.0.jar:?]
	at org.matsim.core.scoring.ScoringFunctionsForPopulation.handleEvent(ScoringFunctionsForPopulation.java:173) ~[matsim-14.0.jar:?]
	at org.matsim.core.events.EventsManagerImpl.callHandlerFast(EventsManagerImpl.java:313) ~[matsim-14.0.jar:?]
	at org.matsim.core.events.EventsManagerImpl.processEvent(EventsManagerImpl.java:141) ~[matsim-14.0.jar:?]
	at org.matsim.core.events.SimStepParallelEventsManagerImpl$ProcessEventsRunnable.run(SimStepParallelEventsManagerImpl.java:330) ~[matsim-14.0.jar:?]
	at java.lang.Thread.run(Thread.java:833) ~[?:?]
2022-05-02T15:44:13,046  WARN CharyparNagelActivityScoring:246 The first and the last activity do not have the same type. 
2022-05-02T15:44:13,046  WARN CharyparNagelActivityScoring:247 Will score the first activity from midnight to its end, and the last activity from its start to midnight.
2022-05-02T15:44:13,046  WARN CharyparNagelActivityScoring:248 Because of the nonlinear function, this is not the same as scoring from start to end.
2022-05-02T15:44:13,046  WARN CharyparNagelActivityScoring:249 first activity: act [type=home][coord=[x=0.0 | y=1.0]][linkId=156][startTime=undefined][endTime=09:00:00][duration=undefined][facilityId=null]
2022-05-02T15:44:13,046  WARN CharyparNagelActivityScoring:250 last activity: act [type=work][coord=[x=50.0 | y=0.0]][linkId=156][startTime=09:00:00][endTime=undefined][duration=undefined][facilityId=null]
2022-05-02T15:44:13,046  WARN CharyparNagelActivityScoring:251 This may also happen when plans are not completed when the simulation ends.
2022-05-02T15:44:13,046  WARN CharyparNagelActivityScoring:253 Additional warnings of this type are suppressed.
2022-05-02T15:44:13,046 ERROR MatsimRuntimeModifications:75 Getting uncaught Exception in Thread main
java.lang.IllegalArgumentException: acttype "home" is not known in utility parameters (module name="planCalcScore" in the config file).
	at org.matsim.core.scoring.functions.CharyparNagelActivityScoring.calcActScore(CharyparNagelActivityScoring.java:80) ~[matsim-14.0.jar:?]
	at org.matsim.core.scoring.functions.CharyparNagelActivityScoring.handleOvernightActivity(CharyparNagelActivityScoring.java:259) ~[matsim-14.0.jar:?]
	at org.matsim.core.scoring.functions.CharyparNagelActivityScoring.handleLastActivity(CharyparNagelActivityScoring.java:286) ~[matsim-14.0.jar:?]
	at org.matsim.core.scoring.SumScoringFunction.handleActivity(SumScoringFunction.java:103) ~[matsim-14.0.jar:?]
	at org.matsim.core.scoring.ScoringFunctionsForPopulation.handleActivity(ScoringFunctionsForPopulation.java:241) ~[matsim-14.0.jar:?]
	at org.matsim.core.scoring.EventsToActivities.lambda$finish$0(EventsToActivities.java:111) ~[matsim-14.0.jar:?]
	at org.matsim.api.core.v01.IdMap.forEach(IdMap.java:194) ~[matsim-14.0.jar:?]
	at org.matsim.core.scoring.EventsToActivities.finish(EventsToActivities.java:109) ~[matsim-14.0.jar:?]
	at org.matsim.core.scoring.EventsToActivities$1.notifyAfterMobsim(EventsToActivities.java:69) ~[matsim-14.0.jar:?]
	at org.matsim.core.controler.ControlerListenerManagerImpl.fireControlerAfterMobsimEvent(ControlerListenerManagerImpl.java:249) ~[matsim-14.0.jar:?]
	at org.matsim.core.controler.AbstractController$9.run(AbstractController.java:235) ~[matsim-14.0.jar:?]
	at org.matsim.core.controler.AbstractController.iterationStep(AbstractController.java:243) ~[matsim-14.0.jar:?]
	at org.matsim.core.controler.AbstractController.mobsim(AbstractController.java:231) ~[matsim-14.0.jar:?]
	at org.matsim.core.controler.AbstractController.iteration(AbstractController.java:154) ~[matsim-14.0.jar:?]
	at org.matsim.core.controler.AbstractController.doIterations(AbstractController.java:121) ~[matsim-14.0.jar:?]
	at org.matsim.core.controler.AbstractController$1.run(AbstractController.java:81) ~[matsim-14.0.jar:?]
	at org.matsim.core.controler.MatsimRuntimeModifications.run(MatsimRuntimeModifications.java:69) [matsim-14.0.jar:?]
	at org.matsim.core.controler.MatsimRuntimeModifications.run(MatsimRuntimeModifications.java:52) [matsim-14.0.jar:?]
	at org.matsim.core.controler.AbstractController.run(AbstractController.java:89) [matsim-14.0.jar:?]
	at org.matsim.core.controler.NewControler.run(NewControler.java:82) [matsim-14.0.jar:?]
	at org.matsim.core.controler.Controler.run(Controler.java:249) [matsim-14.0.jar:?]
	at org.matsim.project.RunMatsim.main(RunMatsim.java:86) [classes/:?]
2022-05-02T15:44:13,046 ERROR MatsimRuntimeModifications:81 ERROR --- This is an unexpected shutdown!
2022-05-02T15:44:13,046 ERROR MatsimRuntimeModifications:84 Shutdown possibly caused by the following Exception:
java.lang.IllegalArgumentException: acttype "home" is not known in utility parameters (module name="planCalcScore" in the config file).
	at org.matsim.core.scoring.functions.CharyparNagelActivityScoring.calcActScore(CharyparNagelActivityScoring.java:80) ~[matsim-14.0.jar:?]
	at org.matsim.core.scoring.functions.CharyparNagelActivityScoring.handleOvernightActivity(CharyparNagelActivityScoring.java:259) ~[matsim-14.0.jar:?]
	at org.matsim.core.scoring.functions.CharyparNagelActivityScoring.handleLastActivity(CharyparNagelActivityScoring.java:286) ~[matsim-14.0.jar:?]
	at org.matsim.core.scoring.SumScoringFunction.handleActivity(SumScoringFunction.java:103) ~[matsim-14.0.jar:?]
	at org.matsim.core.scoring.ScoringFunctionsForPopulation.handleActivity(ScoringFunctionsForPopulation.java:241) ~[matsim-14.0.jar:?]
	at org.matsim.core.scoring.EventsToActivities.lambda$finish$0(EventsToActivities.java:111) ~[matsim-14.0.jar:?]
	at org.matsim.api.core.v01.IdMap.forEach(IdMap.java:194) ~[matsim-14.0.jar:?]
	at org.matsim.core.scoring.EventsToActivities.finish(EventsToActivities.java:109) ~[matsim-14.0.jar:?]
	at org.matsim.core.scoring.EventsToActivities$1.notifyAfterMobsim(EventsToActivities.java:69) ~[matsim-14.0.jar:?]
	at org.matsim.core.controler.ControlerListenerManagerImpl.fireControlerAfterMobsimEvent(ControlerListenerManagerImpl.java:249) ~[matsim-14.0.jar:?]
	at org.matsim.core.controler.AbstractController$9.run(AbstractController.java:235) ~[matsim-14.0.jar:?]
	at org.matsim.core.controler.AbstractController.iterationStep(AbstractController.java:243) ~[matsim-14.0.jar:?]
	at org.matsim.core.controler.AbstractController.mobsim(AbstractController.java:231) ~[matsim-14.0.jar:?]
	at org.matsim.core.controler.AbstractController.iteration(AbstractController.java:154) ~[matsim-14.0.jar:?]
	at org.matsim.core.controler.AbstractController.doIterations(AbstractController.java:121) ~[matsim-14.0.jar:?]
	at org.matsim.core.controler.AbstractController$1.run(AbstractController.java:81) ~[matsim-14.0.jar:?]
	at org.matsim.core.controler.MatsimRuntimeModifications.run(MatsimRuntimeModifications.java:69) [matsim-14.0.jar:?]
	at org.matsim.core.controler.MatsimRuntimeModifications.run(MatsimRuntimeModifications.java:52) [matsim-14.0.jar:?]
	at org.matsim.core.controler.AbstractController.run(AbstractController.java:89) [matsim-14.0.jar:?]
	at org.matsim.core.controler.NewControler.run(NewControler.java:82) [matsim-14.0.jar:?]
	at org.matsim.core.controler.Controler.run(Controler.java:249) [matsim-14.0.jar:?]
	at org.matsim.project.RunMatsim.main(RunMatsim.java:86) [classes/:?]
2022-05-02T15:44:13,075 ERROR MatsimRuntimeModifications:99 ERROR --- MATSim unexpectedly terminated. Please check the output or the logfile with warnings and errors for hints.
2022-05-02T15:44:13,075 ERROR MatsimRuntimeModifications:100 ERROR --- results should not be used for further analysis.
2022-05-02T15:44:13,078 ERROR MatsimRuntimeModifications:104 ERROR --- This was an unexpected shutdown! See the log file for a possible reason.
